生成启动时间为 2016/7/21 14:25:47。
项目“C:\Users\LqlSoft Computer\Desktop\Limbo\Limbo\SourceCode\VCProject2010\VCProject2010\VCProject2010.vcxproj”在节点 2 上(build 个目标)。
InitializeBuildStatus:
  正在创建“Debug\VCProject2010.unsuccessfulbuild”，因为已指定“AlwaysCreate”。
ClCompile:
  f:\VS2010\VC\bin\CL.exe /c /I../../Header /ZI /nologo /W3 /WX- /Od /Oy- /D WIN32 /D _DEBUG /D _WINDOWS /Gm /EHsc /RTC1 /MDd /GS /fp:precise /Zc:wchar_t /Zc:forScope /Fo"Debug\\" /Fd"Debug\vc100.pdb" /Gd /TP /analyze- /errorReport:prompt ..\..\Src\LessonX.cpp
  LessonX.cpp
c:\users\lqlsoft computer\desktop\limbo\limbo\sourcecode\src\lessonx.cpp(185): warning C4996: 'fopen': This function or variable may be unsafe. Consider using fopen_s instead. To disable deprecation, use _CRT_SECURE_NO_WARNINGS. See online help for details.
          f:\vs2010\vc\include\stdio.h(234) : 参见“fopen”的声明
c:\users\lqlsoft computer\desktop\limbo\limbo\sourcecode\src\lessonx.cpp(193): warning C4996: 'fscanf': This function or variable may be unsafe. Consider using fscanf_s instead. To disable deprecation, use _CRT_SECURE_NO_WARNINGS. See online help for details.
          f:\vs2010\vc\include\stdio.h(253) : 参见“fscanf”的声明
c:\users\lqlsoft computer\desktop\limbo\limbo\sourcecode\src\lessonx.cpp(278): warning C4244: “参数”: 从“double”转换到“const float”，可能丢失数据
c:\users\lqlsoft computer\desktop\limbo\limbo\sourcecode\src\lessonx.cpp(285): warning C4244: “参数”: 从“double”转换到“const float”，可能丢失数据
c:\users\lqlsoft computer\desktop\limbo\limbo\sourcecode\src\lessonx.cpp(653): warning C4244: “参数”: 从“int”转换到“const float”，可能丢失数据
c:\users\lqlsoft computer\desktop\limbo\limbo\sourcecode\src\lessonx.cpp(665): warning C4244: “参数”: 从“int”转换到“const float”，可能丢失数据
c:\users\lqlsoft computer\desktop\limbo\limbo\sourcecode\src\lessonx.cpp(928): warning C4244: “参数”: 从“double”转换到“const float”，可能丢失数据
c:\users\lqlsoft computer\desktop\limbo\limbo\sourcecode\src\lessonx.cpp(929): warning C4244: “参数”: 从“double”转换到“const float”，可能丢失数据
c:\users\lqlsoft computer\desktop\limbo\limbo\sourcecode\src\lessonx.cpp(929): warning C4244: “参数”: 从“double”转换到“const float”，可能丢失数据
c:\users\lqlsoft computer\desktop\limbo\limbo\sourcecode\src\lessonx.cpp(937): warning C4244: “参数”: 从“double”转换到“const float”，可能丢失数据
c:\users\lqlsoft computer\desktop\limbo\limbo\sourcecode\src\lessonx.cpp(938): warning C4244: “参数”: 从“double”转换到“const float”，可能丢失数据
c:\users\lqlsoft computer\desktop\limbo\limbo\sourcecode\src\lessonx.cpp(938): warning C4244: “参数”: 从“double”转换到“const float”，可能丢失数据
c:\users\lqlsoft computer\desktop\limbo\limbo\sourcecode\src\lessonx.cpp(946): warning C4244: “参数”: 从“double”转换到“const float”，可能丢失数据
c:\users\lqlsoft computer\desktop\limbo\limbo\sourcecode\src\lessonx.cpp(947): warning C4244: “参数”: 从“double”转换到“const float”，可能丢失数据
c:\users\lqlsoft computer\desktop\limbo\limbo\sourcecode\src\lessonx.cpp(947): warning C4244: “参数”: 从“double”转换到“const float”，可能丢失数据
c:\users\lqlsoft computer\desktop\limbo\limbo\sourcecode\src\lessonx.cpp(955): warning C4244: “参数”: 从“double”转换到“const float”，可能丢失数据
c:\users\lqlsoft computer\desktop\limbo\limbo\sourcecode\src\lessonx.cpp(956): warning C4244: “参数”: 从“double”转换到“const float”，可能丢失数据
c:\users\lqlsoft computer\desktop\limbo\limbo\sourcecode\src\lessonx.cpp(956): warning C4244: “参数”: 从“double”转换到“const float”，可能丢失数据
c:\users\lqlsoft computer\desktop\limbo\limbo\sourcecode\src\lessonx.cpp(1107): warning C4244: “参数”: 从“const int”转换到“const float”，可能丢失数据
c:\users\lqlsoft computer\desktop\limbo\limbo\sourcecode\src\lessonx.cpp(1108): warning C4244: “参数”: 从“const int”转换到“const float”，可能丢失数据
c:\users\lqlsoft computer\desktop\limbo\limbo\sourcecode\src\lessonx.cpp(1109): warning C4244: “参数”: 从“const int”转换到“float”，可能丢失数据
c:\users\lqlsoft computer\desktop\limbo\limbo\sourcecode\src\lessonx.cpp(1391): warning C4996: 'fopen': This function or variable may be unsafe. Consider using fopen_s instead. To disable deprecation, use _CRT_SECURE_NO_WARNINGS. See online help for details.
          f:\vs2010\vc\include\stdio.h(234) : 参见“fopen”的声明
ResourceCompile:
  所有输出均为最新。
Link:
  f:\VS2010\VC\bin\link.exe /ERRORREPORT:PROMPT /OUT:"..\..\..\Bin\Game.exe" /INCREMENTAL:NO /NOLOGO Winmm.lib ..\..\Src\CommonAPI_2010.Lib kernel32.lib user32.lib gdi32.lib winspool.lib comdlg32.lib advapi32.lib shell32.lib ole32.lib oleaut32.lib uuid.lib odbc32.lib odbccp32.lib /MANIFEST:NO /DEBUG /PDB:"Debug\Game.pdb" /SUBSYSTEM:WINDOWS /TLBID:1 /DYNAMICBASE /NXCOMPAT /IMPLIB:"..\..\..\Bin\Game.lib" /MACHINE:X86 Debug\VCTemplate.res
  Debug\LessonX.obj
  Debug\Main.obj
LessonX.obj : warning LNK4075: 忽略“/EDITANDCONTINUE”(由于“/INCREMENTAL:NO”规范)
LINK : warning LNK4098: 默认库“LIBCMT”与其他库的使用冲突；请使用 /NODEFAULTLIB:library
CommonAPI_2010.Lib(CommonAPI.obj) : warning LNK4204: “C:\Users\LqlSoft Computer\Desktop\Limbo\Limbo\SourceCode\VCProject2010\VCProject2010\Debug\vc100.pdb”缺少引用模块的调试信息；正在链接对象，如同没有调试信息一样
  VCProject2010.vcxproj -> C:\Users\LqlSoft Computer\Desktop\Limbo\Limbo\SourceCode\VCProject2010\VCProject2010\..\..\..\Bin\Game.exe
CopyFilesToOutputDirectory:
  正在将文件从“Debug\Game.pdb”复制到“..\..\..\Bin\Game.pdb”。
FinalizeBuildStatus:
  正在删除文件“Debug\VCProject2010.unsuccessfulbuild”。
  正在对“Debug\VCProject2010.lastbuildstate”执行 Touch 任务。
已完成生成项目“C:\Users\LqlSoft Computer\Desktop\Limbo\Limbo\SourceCode\VCProject2010\VCProject2010\VCProject2010.vcxproj”(build 个目标)的操作。

生成成功。

已用时间 00:00:01.74
